2022-03-25 20:33:44,690 DEBUG decos.py Была вызвана функция main c параметрами () , {}. Вызов из модуля __main__
2022-03-25 20:33:44,691 DEBUG decos.py Была вызвана функция config_load c параметрами () , {}. Вызов из модуля __main__
2022-03-25 20:33:44,692 DEBUG decos.py Была вызвана функция arg_parser c параметрами ('7777', '') , {}. Вызов из модуля __main__
2022-03-25 20:33:44,692 DEBUG server.py Инициализация парсера аргументов коммандной строки: ['C:/Python_GK/PyQT/Lesson_2/source/server/server.py']
2022-03-25 20:33:44,694 DEBUG server.py Аргументы успешно загружены.
2022-03-25 20:33:44,773 INFO core.py Запущен сервер, порт для подключений: 7777 , адрес с которого принимаются подключения: . Если адрес не указан, принимаются соединения с любых адресов.
2022-03-26 12:34:18,276 DEBUG decos.py Была вызвана функция main c параметрами () , {}. Вызов из модуля __main__
2022-03-26 12:34:18,276 DEBUG decos.py Была вызвана функция config_load c параметрами () , {}. Вызов из модуля __main__
2022-03-26 12:34:18,276 DEBUG decos.py Была вызвана функция arg_parser c параметрами ('7777', '') , {}. Вызов из модуля __main__
2022-03-26 12:34:18,276 DEBUG server.py Инициализация парсера аргументов коммандной строки: ['C:/Python_GK/PyQT/Lesson_2/source/server_pack/server.py']
2022-03-26 12:34:18,276 DEBUG server.py Аргументы успешно загружены.
2022-03-26 12:34:18,326 INFO core.py Запущен сервер, порт для подключений: 7777 , адрес с которого принимаются подключения: . Если адрес не указан, принимаются соединения с любых адресов.
2022-03-26 18:01:47,122 DEBUG decos.py Была вызвана функция main c параметрами () , {}. Вызов из модуля __main__
2022-03-26 18:01:47,131 DEBUG decos.py Была вызвана функция config_load c параметрами () , {}. Вызов из модуля __main__
2022-03-26 18:01:47,133 DEBUG decos.py Была вызвана функция arg_parser c параметрами ('7777', '') , {}. Вызов из модуля __main__
2022-03-26 18:01:47,133 DEBUG server.py Инициализация парсера аргументов коммандной строки: ['C:/Python_GK/PyQT/Lesson_2/source/server_pack/server.py']
2022-03-26 18:01:47,135 DEBUG server.py Аргументы успешно загружены.
2022-03-26 18:01:47,177 INFO core.py Запущен сервер, порт для подключений: 7777 , адрес с которого принимаются подключения: . Если адрес не указан, принимаются соединения с любых адресов.
2022-03-26 18:20:36,661 DEBUG decos.py Была вызвана функция main c параметрами () , {}. Вызов из модуля __main__
2022-03-26 18:20:36,661 DEBUG decos.py Была вызвана функция config_load c параметрами () , {}. Вызов из модуля __main__
2022-03-26 18:20:36,661 DEBUG decos.py Была вызвана функция arg_parser c параметрами ('7777', '') , {}. Вызов из модуля __main__
2022-03-26 18:20:36,661 DEBUG server.py Инициализация парсера аргументов коммандной строки: ['C:/Python_GK/PyQT/Lesson_2/source/server_pack/server.py']
2022-03-26 18:20:36,663 DEBUG server.py Аргументы успешно загружены.
2022-03-26 18:20:36,688 INFO core.py Запущен сервер, порт для подключений: 7777 , адрес с которого принимаются подключения: . Если адрес не указан, принимаются соединения с любых адресов.
